<?xml version="1.0" encoding="UTF-8"?>
<!-- Generated by org.testng.reporters.JUnitReportReporter -->
<testsuite hostname="DESKTOP-9MOD7AR" failures="0" tests="4" name="com.practiseSoftwareTesting.testcases.LandingPage_Test" time="10.968" errors="0" timestamp="2025-03-02T10:37:48 IST" skipped="0">
  <testcase classname="com.practiseSoftwareTesting.testcases.LandingPage_Test" name="verifyTitle" time="0.024"/>
  <testcase classname="com.practiseSoftwareTesting.testcases.LandingPage_Test" name="verifyHomePageLoad" time="0.181"/>
  <testcase classname="com.practiseSoftwareTesting.testcases.LandingPage_Test" name="verifySearchFunctionality" time="5.375"/>
  <testcase classname="com.practiseSoftwareTesting.testcases.LandingPage_Test" name="verifyFilterByCategory" time="5.388"/>
</testsuite> <!-- com.practiseSoftwareTesting.testcases.LandingPage_Test -->
