<?xml version="1.0" encoding="UTF-8"?>
<!-- Generated by org.testng.reporters.JUnitReportReporter -->
<testsuite hostname="DESKTOP-9MOD7AR" failures="0" tests="4" name="com.practiseSoftwareTesting.testcases.SignInPage_Test" time="17.539" errors="0" timestamp="2025-03-02T11:49:50 IST" skipped="0">
  <testcase classname="com.practiseSoftwareTesting.testcases.SignInPage_Test" name="getTitle" time="0.331"/>
  <testcase classname="com.practiseSoftwareTesting.testcases.SignInPage_Test" name="loginTest" time="5.804"/>
  <testcase classname="com.practiseSoftwareTesting.testcases.SignInPage_Test" name="loginTest" time="5.664"/>
  <testcase classname="com.practiseSoftwareTesting.testcases.SignInPage_Test" name="loginTest" time="5.740"/>
</testsuite> <!-- com.practiseSoftwareTesting.testcases.SignInPage_Test -->
